0 info it worked if it ends with ok
1 verbose cli [ '/usr/bin/node', '/usr/bin/npm', 'install', '-g', 'grunt-init' ]
2 info using npm@1.4.28
3 info using node@v0.10.37
4 verbose node symlink /usr/bin/node
5 verbose cache add [ 'grunt-init', null ]
6 verbose cache add name=undefined spec="grunt-init" args=["grunt-init",null]
7 verbose parsed url { protocol: null,
7 verbose parsed url   slashes: null,
7 verbose parsed url   auth: null,
7 verbose parsed url   host: null,
7 verbose parsed url   port: null,
7 verbose parsed url   hostname: null,
7 verbose parsed url   hash: null,
7 verbose parsed url   search: null,
7 verbose parsed url   query: null,
7 verbose parsed url   pathname: 'grunt-init',
7 verbose parsed url   path: 'grunt-init',
7 verbose parsed url   href: 'grunt-init' }
8 silly lockFile b1006280-grunt-init grunt-init
9 verbose lock grunt-init /home/hckmar/.npm/b1006280-grunt-init.lock
10 silly lockFile b1006280-grunt-init grunt-init
11 silly lockFile b1006280-grunt-init grunt-init
12 verbose addNamed [ 'grunt-init', '' ]
13 verbose addNamed [ null, '*' ]
14 silly lockFile 20a2bbcf-grunt-init grunt-init@
15 verbose lock grunt-init@ /home/hckmar/.npm/20a2bbcf-grunt-init.lock
16 silly addNameRange { name: 'grunt-init', range: '*', hasData: false }
17 verbose request where is /grunt-init
18 verbose request registry https://registry.npmjs.org/
19 verbose request id 17673cbe5ef5043d
20 verbose url raw /grunt-init
21 verbose url resolving [ 'https://registry.npmjs.org/', './grunt-init' ]
22 verbose url resolved https://registry.npmjs.org/grunt-init
23 verbose request where is https://registry.npmjs.org/grunt-init
24 info trying registry request attempt 1 at 16:57:27
25 http GET https://registry.npmjs.org/grunt-init
26 http 200 https://registry.npmjs.org/grunt-init
27 silly registry.get cb [ 200,
27 silly registry.get   { server: 'CouchDB/1.5.0 (Erlang OTP/R16B03)',
27 silly registry.get     etag: '"EDRXM2DSLL20YG3PHBA10ECN6"',
27 silly registry.get     'content-type': 'application/json',
27 silly registry.get     'cache-control': 'max-age=60',
27 silly registry.get     'content-length': '20700',
27 silly registry.get     'accept-ranges': 'bytes',
27 silly registry.get     date: 'Fri, 19 Jun 2015 21:57:29 GMT',
27 silly registry.get     via: '1.1 varnish',
27 silly registry.get     age: '0',
27 silly registry.get     connection: 'keep-alive',
27 silly registry.get     'x-served-by': 'cache-ord1728-ORD',
27 silly registry.get     'x-cache': 'HIT',
27 silly registry.get     'x-cache-hits': '1',
27 silly registry.get     'x-timer': 'S1434751048.992840,VS0,VE38',
27 silly registry.get     vary: 'Accept' } ]
28 silly addNameRange number 2 { name: 'grunt-init', range: '*', hasData: true }
29 silly addNameRange versions [ 'grunt-init',
29 silly addNameRange   [ '0.1.0',
29 silly addNameRange     '0.2.0',
29 silly addNameRange     '0.2.1',
29 silly addNameRange     '0.3.0',
29 silly addNameRange     '0.2.0-rc1',
29 silly addNameRange     '0.2.0-rc2',
29 silly addNameRange     '0.2.0-rc3',
29 silly addNameRange     '0.2.0-rc4',
29 silly addNameRange     '0.2.0-rc5',
29 silly addNameRange     '0.2.0-rc6',
29 silly addNameRange     '0.2.0-rc7',
29 silly addNameRange     '0.2.0-rc8',
29 silly addNameRange     '0.3.1',
29 silly addNameRange     '0.3.2' ] ]
30 verbose addNamed [ 'grunt-init', '0.3.2' ]
31 verbose addNamed [ '0.3.2', '0.3.2' ]
32 silly lockFile f8b2076b-grunt-init-0-3-2 grunt-init@0.3.2
33 verbose lock grunt-init@0.3.2 /home/hckmar/.npm/f8b2076b-grunt-init-0-3-2.lock
34 silly lockFile a8e1642f--grunt-init-grunt-init-0-3-2-tgz https://registry.npmjs.org/grunt-init/-/grunt-init-0.3.2.tgz
35 verbose lock https://registry.npmjs.org/grunt-init/-/grunt-init-0.3.2.tgz /home/hckmar/.npm/a8e1642f--grunt-init-grunt-init-0-3-2-tgz.lock
36 verbose addRemoteTarball [ 'https://registry.npmjs.org/grunt-init/-/grunt-init-0.3.2.tgz',
36 verbose addRemoteTarball   '0062d318401cfc703db394aa9f8b9e7770809984' ]
37 info retry fetch attempt 1 at 16:57:28
38 verbose fetch to= /tmp/npm-16434-9SzcM3Vz/registry.npmjs.org/grunt-init/-/grunt-init-0.3.2.tgz
39 http GET https://registry.npmjs.org/grunt-init/-/grunt-init-0.3.2.tgz
40 http 200 https://registry.npmjs.org/grunt-init/-/grunt-init-0.3.2.tgz
41 silly lockFile a8e1642f--grunt-init-grunt-init-0-3-2-tgz https://registry.npmjs.org/grunt-init/-/grunt-init-0.3.2.tgz
42 silly lockFile a8e1642f--grunt-init-grunt-init-0-3-2-tgz https://registry.npmjs.org/grunt-init/-/grunt-init-0.3.2.tgz
43 silly lockFile f8b2076b-grunt-init-0-3-2 grunt-init@0.3.2
44 silly lockFile f8b2076b-grunt-init-0-3-2 grunt-init@0.3.2
45 silly lockFile 20a2bbcf-grunt-init grunt-init@
46 silly lockFile 20a2bbcf-grunt-init grunt-init@
47 silly resolved [ { name: 'grunt-init',
47 silly resolved     description: 'Generate project scaffolding from a template.',
47 silly resolved     version: '0.3.2',
47 silly resolved     homepage: 'https://github.com/gruntjs/grunt-init',
47 silly resolved     author: { name: 'Grunt Team', url: 'http://gruntjs.com/' },
47 silly resolved     repository: { type: 'git', url: 'git://github.com/gruntjs/grunt-init.git' },
47 silly resolved     bugs: { url: 'https://github.com/gruntjs/grunt-init/issues' },
47 silly resolved     licenses: [ [Object] ],
47 silly resolved     preferGlobal: true,
47 silly resolved     bin: { 'grunt-init': 'bin/grunt-init' },
47 silly resolved     engines: { node: '>= 0.8.0' },
47 silly resolved     scripts: { test: 'grunt test' },
47 silly resolved     dependencies:
47 silly resolved      { prompt: '~0.1.12',
47 silly resolved        semver: '~1.0.14',
47 silly resolved        hooker: '~0.2.3',
47 silly resolved        colors: '~0.6.0-1',
47 silly resolved        grunt: '~0.4.0',
47 silly resolved        lodash: '~2.4.1',
47 silly resolved        async: '~0.2.10' },
47 silly resolved     devDependencies:
47 silly resolved      { 'grunt-contrib-jshint': '~0.8.0',
47 silly resolved        'grunt-contrib-nodeunit': '~0.3.0' },
47 silly resolved     keywords: [ 'grunt', 'template', 'scaffold', 'generate', 'project' ],
47 silly resolved     contributors: [ [Object] ],
47 silly resolved     _id: 'grunt-init@0.3.2',
47 silly resolved     dist:
47 silly resolved      { shasum: '0062d318401cfc703db394aa9f8b9e7770809984',
47 silly resolved        tarball: 'http://registry.npmjs.org/grunt-init/-/grunt-init-0.3.2.tgz' },
47 silly resolved     _from: 'grunt-init@',
47 silly resolved     _npmVersion: '1.4.3',
47 silly resolved     _npmUser: { name: 'vladikoff', email: 'vlad@vladikoff.com' },
47 silly resolved     maintainers: [ [Object], [Object], [Object], [Object] ],
47 silly resolved     directories: {},
47 silly resolved     _shasum: '0062d318401cfc703db394aa9f8b9e7770809984',
47 silly resolved     _resolved: 'https://registry.npmjs.org/grunt-init/-/grunt-init-0.3.2.tgz' } ]
48 info install grunt-init@0.3.2 into /usr/lib
49 info installOne grunt-init@0.3.2
50 verbose lib/node_modules/grunt-init unbuild
51 verbose tar unpack /home/hckmar/.npm/grunt-init/0.3.2/package.tgz
52 silly lockFile 07694ed7--usr-lib-node-modules-grunt-init tar:///usr/lib/node_modules/grunt-init
53 verbose lock tar:///usr/lib/node_modules/grunt-init /home/hckmar/.npm/07694ed7--usr-lib-node-modules-grunt-init.lock
54 silly lockFile bccffa3d-npm-grunt-init-0-3-2-package-tgz tar:///home/hckmar/.npm/grunt-init/0.3.2/package.tgz
55 verbose lock tar:///home/hckmar/.npm/grunt-init/0.3.2/package.tgz /home/hckmar/.npm/bccffa3d-npm-grunt-init-0-3-2-package-tgz.lock
56 silly gunzTarPerm modes [ '755', '644' ]
57 error Error: EACCES, mkdir '/usr/lib/node_modules/grunt-init'
57 error  { [Error: EACCES, mkdir '/usr/lib/node_modules/grunt-init']
57 error   errno: 3,
57 error   code: 'EACCES',
57 error   path: '/usr/lib/node_modules/grunt-init',
57 error   fstream_type: 'Directory',
57 error   fstream_path: '/usr/lib/node_modules/grunt-init',
57 error   fstream_class: 'DirWriter',
57 error   fstream_stack:
57 error    [ '/usr/lib/node_modules/npm/node_modules/fstream/lib/dir-writer.js:36:23',
57 error      '/usr/lib/node_modules/npm/node_modules/mkdirp/index.js:46:53',
57 error      'Object.oncomplete (fs.js:108:15)' ] }
58 error Please try running this command again as root/Administrator.
59 error System Linux 3.13.0-24-generic
60 error command "/usr/bin/node" "/usr/bin/npm" "install" "-g" "grunt-init"
61 error cwd /home/hckmar/Documentos/Tuts/Angular/grunt
62 error node -v v0.10.37
63 error npm -v 1.4.28
64 error path /usr/lib/node_modules/grunt-init
65 error fstream_path /usr/lib/node_modules/grunt-init
66 error fstream_type Directory
67 error fstream_class DirWriter
68 error code EACCES
69 error errno 3
70 error stack Error: EACCES, mkdir '/usr/lib/node_modules/grunt-init'
71 error fstream_stack /usr/lib/node_modules/npm/node_modules/fstream/lib/dir-writer.js:36:23
71 error fstream_stack /usr/lib/node_modules/npm/node_modules/mkdirp/index.js:46:53
71 error fstream_stack Object.oncomplete (fs.js:108:15)
72 verbose exit [ 3, true ]
